\BOOKMARK [0][-]{chapter.1}{Einleitung}{}% 1
\BOOKMARK [0][-]{chapter.2}{Docker}{}% 2
\BOOKMARK [1][-]{section.2.1}{Einf\374hrung in Docker}{chapter.2}% 3
\BOOKMARK [1][-]{section.2.2}{Grundbefehle Docker}{chapter.2}% 4
\BOOKMARK [1][-]{section.2.3}{Architektur}{chapter.2}% 5
\BOOKMARK [1][-]{section.2.4}{Docker Registry}{chapter.2}% 6
\BOOKMARK [1][-]{section.2.5}{Volumes und Dateisysteme}{chapter.2}% 7
\BOOKMARK [2][-]{subsection.2.5.1}{Persistente Container}{section.2.5}% 8
\BOOKMARK [0][-]{chapter.3}{Gatling - Testing Framework}{}% 9
\BOOKMARK [1][-]{section.3.1}{Einf\374hrung}{chapter.3}% 10
\BOOKMARK [1][-]{section.3.2}{DSL}{chapter.3}% 11
\BOOKMARK [1][-]{section.3.3}{Metriken}{chapter.3}% 12
\BOOKMARK [1][-]{section.3.4}{Continous Integration}{chapter.3}% 13
\BOOKMARK [1][-]{section.3.5}{Tests}{chapter.3}% 14
\BOOKMARK [0][-]{chapter.4}{Kubernetes}{}% 15
\BOOKMARK [1][-]{section.4.1}{Einf\374hrung}{chapter.4}% 16
\BOOKMARK [1][-]{section.4.2}{Architektur}{chapter.4}% 17
\BOOKMARK [1][-]{section.4.3}{Skalierung}{chapter.4}% 18
\BOOKMARK [1][-]{section.4.4}{Persistenz}{chapter.4}% 19
\BOOKMARK [1][-]{section.4.5}{Service Discovery und Load Balancing}{chapter.4}% 20
\BOOKMARK [1][-]{section.4.6}{Batch Exectution}{chapter.4}% 21
\BOOKMARK [0][-]{chapter.5}{Java Vert.x}{}% 22
\BOOKMARK [1][-]{section.5.1}{Reaktive Programmierung}{chapter.5}% 23
\BOOKMARK [2][-]{subsection.5.1.1}{Konzepte}{section.5.1}% 24
\BOOKMARK [1][-]{section.5.2}{Skalierung}{chapter.5}% 25
\BOOKMARK [1][-]{section.5.3}{Einsatzgebiete}{chapter.5}% 26
\BOOKMARK [0][-]{chapter.6}{Fazit}{}% 27
\BOOKMARK [0][-]{chapter.7}{Ausblick}{}% 28
\BOOKMARK [0][-]{appendix.A}{Anhang}{}% 29
\BOOKMARK [0][-]{appendix.B}{Verzeichnisse}{}% 30
\BOOKMARK [0][-]{chapter*.8}{Literaturverzeichnis}{}% 31
